2014-04-08 18:05:31,113 [      0]   INFO - ClassPathXmlApplicationContext - Refreshing org.springframework.context.support.ClassPathXmlApplicationContext@186db54: startup date [Tue Apr 08 18:05:31 CST 2014]; root of context hierarchy 
2014-04-08 18:05:31,609 [    496]   INFO - ry.xml.XmlBeanDefinitionReader - Loading XML bean definitions from class path resource [spring-config.xml] 
2014-04-08 18:05:32,398 [   1285]   INFO - ort.DefaultListableBeanFactory - Pre-instantiating singletons in org.springframework.beans.factory.support.DefaultListableBeanFactory@9f671b: defining beans [aopSupportBean,dependencyBean,profilerSpringAOPSupport]; root of factory hierarchy 
2014-04-08 18:09:09,643 [      0]   INFO - ClassPathXmlApplicationContext - Refreshing org.springframework.context.support.ClassPathXmlApplicationContext@19a0c7c: startup date [Tue Apr 08 18:09:09 CST 2014]; root of context hierarchy 
2014-04-08 18:09:09,691 [     48]   INFO - ry.xml.XmlBeanDefinitionReader - Loading XML bean definitions from class path resource [spring-config.xml] 
2014-04-08 18:09:09,835 [    192]   INFO - ort.DefaultListableBeanFactory - Pre-instantiating singletons in org.springframework.beans.factory.support.DefaultListableBeanFactory@3b1d04: defining beans [aopSupportBean,dependencyBean,profilerSpringAOPSupport]; root of factory hierarchy 
2014-04-08 18:09:46,194 [      0]   INFO - ClassPathXmlApplicationContext - Refreshing org.springframework.context.support.ClassPathXmlApplicationContext@1bb9a58: startup date [Tue Apr 08 18:09:46 CST 2014]; root of context hierarchy 
2014-04-08 18:09:46,267 [     73]   INFO - ry.xml.XmlBeanDefinitionReader - Loading XML bean definitions from class path resource [spring-config.xml] 
2014-04-08 18:09:46,445 [    251]   INFO - ort.DefaultListableBeanFactory - Pre-instantiating singletons in org.springframework.beans.factory.support.DefaultListableBeanFactory@1c4ff2c: defining beans [aopSupportBean,dependencyBean,profilerSpringAOPSupport]; root of factory hierarchy 
2014-04-08 19:19:34,420 [      0]   INFO - ClassPathXmlApplicationContext - Refreshing org.springframework.context.support.ClassPathXmlApplicationContext@1f42b49: startup date [Tue Apr 08 19:19:34 CST 2014]; root of context hierarchy 
2014-04-08 19:19:34,473 [     53]   INFO - ry.xml.XmlBeanDefinitionReader - Loading XML bean definitions from class path resource [spring-config.xml] 
2014-04-08 19:19:34,611 [    191]   INFO - ort.DefaultListableBeanFactory - Pre-instantiating singletons in org.springframework.beans.factory.support.DefaultListableBeanFactory@39ab89: defining beans [aopSupportBean,dependencyBean,profilerSpringAOPSupport]; root of factory hierarchy 
2014-04-08 19:22:34,718 [      0]   INFO - ClassPathXmlApplicationContext - Refreshing org.springframework.context.support.ClassPathXmlApplicationContext@1f42b49: startup date [Tue Apr 08 19:22:34 CST 2014]; root of context hierarchy 
2014-04-08 19:22:34,765 [     47]   INFO - ry.xml.XmlBeanDefinitionReader - Loading XML bean definitions from class path resource [spring-config.xml] 
2014-04-08 19:22:34,901 [    183]   INFO - ort.DefaultListableBeanFactory - Pre-instantiating singletons in org.springframework.beans.factory.support.DefaultListableBeanFactory@3b1d04: defining beans [aopSupportBean,profiler,aopSupportBean2,profilernanos]; root of factory hierarchy 
2014-04-08 19:22:59,025 [      0]   INFO - ClassPathXmlApplicationContext - Refreshing org.springframework.context.support.ClassPathXmlApplicationContext@124111a: startup date [Tue Apr 08 19:22:59 CST 2014]; root of context hierarchy 
2014-04-08 19:22:59,082 [     57]   INFO - ry.xml.XmlBeanDefinitionReader - Loading XML bean definitions from class path resource [spring-config.xml] 
2014-04-08 19:22:59,267 [    242]   INFO - ort.DefaultListableBeanFactory - Pre-instantiating singletons in org.springframework.beans.factory.support.DefaultListableBeanFactory@5e7020: defining beans [aopSupportBean,profiler,aopSupportBean2,profilernanos]; root of factory hierarchy 
2014-04-08 19:28:35,156 [      0]   INFO - ClassPathXmlApplicationContext - Refreshing org.springframework.context.support.ClassPathXmlApplicationContext@1f42b49: startup date [Tue Apr 08 19:28:35 CST 2014]; root of context hierarchy 
2014-04-08 19:28:35,204 [     48]   INFO - ry.xml.XmlBeanDefinitionReader - Loading XML bean definitions from class path resource [spring-config.xml] 
2014-04-08 19:28:35,352 [    196]   INFO - ort.DefaultListableBeanFactory - Pre-instantiating singletons in org.springframework.beans.factory.support.DefaultListableBeanFactory@3b1d04: defining beans [aopSupportBean,profiler,aopSupportBean2,profilernanos]; root of factory hierarchy 
2014-04-08 19:28:41,641 [      0]   INFO - ClassPathXmlApplicationContext - Refreshing org.springframework.context.support.ClassPathXmlApplicationContext@4a7df6: startup date [Tue Apr 08 19:28:41 CST 2014]; root of context hierarchy 
2014-04-08 19:28:41,699 [     58]   INFO - ry.xml.XmlBeanDefinitionReader - Loading XML bean definitions from class path resource [spring-config.xml] 
2014-04-08 19:28:41,874 [    233]   INFO - ort.DefaultListableBeanFactory - Pre-instantiating singletons in org.springframework.beans.factory.support.DefaultListableBeanFactory@16b904d: defining beans [aopSupportBean,profiler,aopSupportBean2,profilernanos]; root of factory hierarchy 
2014-04-08 19:34:23,767 [      0]   INFO - ClassPathXmlApplicationContext - Refreshing org.springframework.context.support.ClassPathXmlApplicationContext@145e044: startup date [Tue Apr 08 19:34:23 CST 2014]; root of context hierarchy 
2014-04-08 19:34:23,815 [     48]   INFO - ry.xml.XmlBeanDefinitionReader - Loading XML bean definitions from class path resource [spring-config.xml] 
2014-04-08 19:34:23,954 [    187]   INFO - ort.DefaultListableBeanFactory - Pre-instantiating singletons in org.springframework.beans.factory.support.DefaultListableBeanFactory@ee22f7: defining beans [aopSupportBean,profiler,aopSupportBean2,profilernanos]; root of factory hierarchy 
2014-04-08 19:35:07,730 [      0]   INFO - ClassPathXmlApplicationContext - Refreshing org.springframework.context.support.ClassPathXmlApplicationContext@1f42b49: startup date [Tue Apr 08 19:35:07 CST 2014]; root of context hierarchy 
2014-04-08 19:35:07,777 [     47]   INFO - ry.xml.XmlBeanDefinitionReader - Loading XML bean definitions from class path resource [spring-config.xml] 
2014-04-08 19:35:07,914 [    184]   INFO - ort.DefaultListableBeanFactory - Pre-instantiating singletons in org.springframework.beans.factory.support.DefaultListableBeanFactory@3b1d04: defining beans [aopSupportBean,profiler,aopSupportBean2,profilernanos]; root of factory hierarchy 
2014-04-08 19:36:14,814 [      0]   INFO - ClassPathXmlApplicationContext - Refreshing org.springframework.context.support.ClassPathXmlApplicationContext@145e044: startup date [Tue Apr 08 19:36:14 CST 2014]; root of context hierarchy 
2014-04-08 19:36:14,860 [     46]   INFO - ry.xml.XmlBeanDefinitionReader - Loading XML bean definitions from class path resource [spring-config.xml] 
2014-04-08 19:36:15,001 [    187]   INFO - ort.DefaultListableBeanFactory - Pre-instantiating singletons in org.springframework.beans.factory.support.DefaultListableBeanFactory@ee22f7: defining beans [aopSupportBean,profiler,aopSupportBean2,profilerNanos,aopSupportBean3,profilerSec]; root of factory hierarchy 
2014-04-08 19:37:02,266 [      0]   INFO - ClassPathXmlApplicationContext - Refreshing org.springframework.context.support.ClassPathXmlApplicationContext@145e044: startup date [Tue Apr 08 19:37:02 CST 2014]; root of context hierarchy 
2014-04-08 19:37:02,315 [     49]   INFO - ry.xml.XmlBeanDefinitionReader - Loading XML bean definitions from class path resource [spring-config.xml] 
2014-04-08 19:37:02,475 [    209]   INFO - ort.DefaultListableBeanFactory - Pre-instantiating singletons in org.springframework.beans.factory.support.DefaultListableBeanFactory@ee22f7: defining beans [aopSupportBean,profiler,aopSupportBean2,profilerNanos,aopSupportBean3,profilerSec]; root of factory hierarchy 
2014-04-08 19:37:41,899 [      0]   INFO - ClassPathXmlApplicationContext - Refreshing org.springframework.context.support.ClassPathXmlApplicationContext@145e044: startup date [Tue Apr 08 19:37:41 CST 2014]; root of context hierarchy 
2014-04-08 19:37:41,945 [     46]   INFO - ry.xml.XmlBeanDefinitionReader - Loading XML bean definitions from class path resource [spring-config.xml] 
2014-04-08 19:37:42,092 [    193]   INFO - ort.DefaultListableBeanFactory - Pre-instantiating singletons in org.springframework.beans.factory.support.DefaultListableBeanFactory@ee22f7: defining beans [aopSupportBean,profiler,aopSupportBean2,profilerNanos,aopSupportBean3,profilerSec]; root of factory hierarchy 
2014-04-08 19:37:48,442 [      0]   INFO - ClassPathXmlApplicationContext - Refreshing org.springframework.context.support.ClassPathXmlApplicationContext@1dff3a2: startup date [Tue Apr 08 19:37:48 CST 2014]; root of context hierarchy 
2014-04-08 19:37:48,488 [     46]   INFO - ry.xml.XmlBeanDefinitionReader - Loading XML bean definitions from class path resource [spring-config.xml] 
2014-04-08 19:37:48,631 [    189]   INFO - ort.DefaultListableBeanFactory - Pre-instantiating singletons in org.springframework.beans.factory.support.DefaultListableBeanFactory@3b1d04: defining beans [aopSupportBean,profiler,aopSupportBean2,profilerNanos,aopSupportBean3,profilerSec]; root of factory hierarchy 
2014-04-08 19:38:25,507 [      0]   INFO - ClassPathXmlApplicationContext - Refreshing org.springframework.context.support.ClassPathXmlApplicationContext@1f42b49: startup date [Tue Apr 08 19:38:25 CST 2014]; root of context hierarchy 
2014-04-08 19:38:25,556 [     49]   INFO - ry.xml.XmlBeanDefinitionReader - Loading XML bean definitions from class path resource [spring-config.xml] 
2014-04-08 19:38:25,702 [    195]   INFO - ort.DefaultListableBeanFactory - Pre-instantiating singletons in org.springframework.beans.factory.support.DefaultListableBeanFactory@ee22f7: defining beans [aopSupportBean,profiler,aopSupportBean2,profilerNanos,aopSupportBean3,profilerSec]; root of factory hierarchy 
2014-04-08 19:41:35,221 [      0]   INFO - ClassPathXmlApplicationContext - Refreshing org.springframework.context.support.ClassPathXmlApplicationContext@1f42b49: startup date [Tue Apr 08 19:41:35 CST 2014]; root of context hierarchy 
2014-04-08 19:41:35,269 [     48]   INFO - ry.xml.XmlBeanDefinitionReader - Loading XML bean definitions from class path resource [spring-config.xml] 
2014-04-08 19:41:35,430 [    209]   INFO - ort.DefaultListableBeanFactory - Pre-instantiating singletons in org.springframework.beans.factory.support.DefaultListableBeanFactory@3b1d04: defining beans [aopSupportBean,profiler,aopSupportBean2,profilerNanos,aopSupportBean3,profilerSec]; root of factory hierarchy 
2014-04-08 19:43:23,143 [      0]   INFO - ClassPathXmlApplicationContext - Refreshing org.springframework.context.support.ClassPathXmlApplicationContext@1f42b49: startup date [Tue Apr 08 19:43:23 CST 2014]; root of context hierarchy 
2014-04-08 19:43:23,188 [     45]   INFO - ry.xml.XmlBeanDefinitionReader - Loading XML bean definitions from class path resource [spring-config.xml] 
2014-04-08 19:43:23,331 [    188]   INFO - ort.DefaultListableBeanFactory - Pre-instantiating singletons in org.springframework.beans.factory.support.DefaultListableBeanFactory@ee22f7: defining beans [aopSupportBean,profiler,aopSupportBean2,profilerNanos,aopSupportBean3,profilerSec]; root of factory hierarchy 
2014-04-08 19:43:23,396 [    253]   INFO - ort.DefaultListableBeanFactory - Destroying singletons in org.springframework.beans.factory.support.DefaultListableBeanFactory@ee22f7: defining beans [aopSupportBean,profiler,aopSupportBean2,profilerNanos,aopSupportBean3,profilerSec]; root of factory hierarchy 
2014-04-08 19:43:56,715 [      0]   INFO - ClassPathXmlApplicationContext - Refreshing org.springframework.context.support.ClassPathXmlApplicationContext@1f42b49: startup date [Tue Apr 08 19:43:56 CST 2014]; root of context hierarchy 
2014-04-08 19:43:56,767 [     52]   INFO - ry.xml.XmlBeanDefinitionReader - Loading XML bean definitions from class path resource [spring-config.xml] 
2014-04-08 19:43:56,917 [    202]   INFO - ort.DefaultListableBeanFactory - Pre-instantiating singletons in org.springframework.beans.factory.support.DefaultListableBeanFactory@3b1d04: defining beans [aopSupportBean,profiler,aopSupportBean2,profilerNanos,aopSupportBean3,profilerSec]; root of factory hierarchy 
2014-04-08 19:44:06,790 [      0]   INFO - ClassPathXmlApplicationContext - Refreshing org.springframework.context.support.ClassPathXmlApplicationContext@1f42b49: startup date [Tue Apr 08 19:44:06 CST 2014]; root of context hierarchy 
2014-04-08 19:44:06,836 [     46]   INFO - ry.xml.XmlBeanDefinitionReader - Loading XML bean definitions from class path resource [spring-config.xml] 
2014-04-08 19:44:06,978 [    188]   INFO - ort.DefaultListableBeanFactory - Pre-instantiating singletons in org.springframework.beans.factory.support.DefaultListableBeanFactory@3b1d04: defining beans [aopSupportBean,profiler,aopSupportBean2,profilerNanos,aopSupportBean3,profilerSec]; root of factory hierarchy 
2014-04-08 19:49:12,263 [      0]   INFO - ClassPathXmlApplicationContext - Refreshing org.springframework.context.support.ClassPathXmlApplicationContext@1f42b49: startup date [Tue Apr 08 19:49:12 CST 2014]; root of context hierarchy 
2014-04-08 19:49:12,310 [     47]   INFO - ry.xml.XmlBeanDefinitionReader - Loading XML bean definitions from class path resource [spring-config.xml] 
2014-04-08 19:49:12,458 [    195]   INFO - ort.DefaultListableBeanFactory - Pre-instantiating singletons in org.springframework.beans.factory.support.DefaultListableBeanFactory@39ab89: defining beans [aopSupportBean,profiler,aopSupportBean2,profilerNanos,aopSupportBean3,profilerSec]; root of factory hierarchy 
2014-04-08 19:49:39,935 [      0]   INFO - ClassPathXmlApplicationContext - Refreshing org.springframework.context.support.ClassPathXmlApplicationContext@da90c: startup date [Tue Apr 08 19:49:39 CST 2014]; root of context hierarchy 
2014-04-08 19:49:40,010 [     75]   INFO - ry.xml.XmlBeanDefinitionReader - Loading XML bean definitions from class path resource [spring-config.xml] 
2014-04-08 19:49:40,184 [    249]   INFO - ort.DefaultListableBeanFactory - Pre-instantiating singletons in org.springframework.beans.factory.support.DefaultListableBeanFactory@1127b52: defining beans [aopSupportBean,profiler,aopSupportBean2,profilerNanos,aopSupportBean3,profilerSec]; root of factory hierarchy 
2014-04-08 19:52:08,973 [      0]   INFO - ClassPathXmlApplicationContext - Refreshing org.springframework.context.support.ClassPathXmlApplicationContext@1f42b49: startup date [Tue Apr 08 19:52:08 CST 2014]; root of context hierarchy 
2014-04-08 19:52:09,021 [     48]   INFO - ry.xml.XmlBeanDefinitionReader - Loading XML bean definitions from class path resource [spring-config.xml] 
2014-04-08 19:52:09,169 [    196]   INFO - ort.DefaultListableBeanFactory - Pre-instantiating singletons in org.springframework.beans.factory.support.DefaultListableBeanFactory@3b1d04: defining beans [aopSupportBean,profiler,aopSupportBean2,profilerNanos,aopSupportBean3,profilerSec]; root of factory hierarchy 
